#Rezultate Cerinta 5
11
4 4
-5.199608 -3.525526 -1.749893 -0.427157
10 10
-5.199569 -3.525542 -1.749929 -0.427134 0.210784 2.283914 2.313771 3.356116 5.775498 6.661689
6 6
-5.199557 -3.525520 -1.749896 -0.427149 0.210829 2.283935
2 2
-5.199571 -3.525505
1 1
-5.199571
8 8
-5.199566 -3.525555 -1.749914 -0.427154 0.210821 2.283928 2.313779 3.356134
5 5
-5.199608 -3.525526 -1.749893 -0.427157 0.210801
3 3
-5.199603 -3.525545 -1.749908
9 9
-5.199587 -3.525559 -1.749913 -0.427137 0.210813 2.283933 2.313790 3.356118 5.775523
7 7
-5.199602 -3.525500 -1.749907 -0.427159 0.210810 2.283936 2.313798
4 4
-5.199608 -3.525526 -1.749893 -0.427157
