#Rezultate Cerinta 5
11
4 4
-5.022647 -3.640424 -3.270792 -1.516712
10 10
-5.022717 -3.640426 -3.270815 -1.516718 0.043526 1.299466 1.443068 2.722502 4.927101 5.760405
6 6
-5.022670 -3.640420 -3.270799 -1.516722 0.043494 1.299431
2 2
-5.022697 -3.640389
1 1
-5.022697
8 8
-5.022665 -3.640404 -3.270802 -1.516720 0.043501 1.299415 1.443059 2.722486
5 5
-5.022647 -3.640424 -3.270792 -1.516712 0.043496
3 3
-5.022721 -3.640398 -3.270833
9 9
-5.022721 -3.640399 -3.270826 -1.516680 0.043486 1.299440 1.443073 2.722521 4.927089
7 7
-5.022668 -3.640396 -3.270794 -1.516698 0.043507 1.299437 1.443045
4 4
-5.022647 -3.640424 -3.270792 -1.516712
